Afghanistan	corruption	8
Albania	corruption	33
Algeria	corruption	34
Angola	corruption	22
Argentina	corruption	35
Armenia	corruption	34
Australia	corruption	85
Austria	corruption	69
Azerbaijan	corruption	27
Bahamas	corruption	71
Bahrain	corruption	51
Bangladesh	corruption	26
Barbados	corruption	76
Belarus	corruption	31
Belgium	corruption	75
Benin	corruption	36
Bhutan	corruption	63
Bolivia	corruption	34
Bosnia and Herzegovina	corruption	42
Botswana	corruption	65
Brazil	corruption	43
Brunei	corruption	55
Bulgaria	corruption	41
Burkina Faso	corruption	38
Burundi	corruption	19
Cambodia	corruption	22
Cameroon	corruption	26
Canada	corruption	84
Cape Verde	corruption	60
Central African Republic	corruption	26
Chad	corruption	19
Chile	corruption	72
China	corruption	39
Colombia	corruption	36
Comoros	corruption	28
Congo Republic	corruption	26
Costa Rica	corruption	54
Côte d´Ivoire	corruption	29
Croatia	corruption	46
Cuba	corruption	48
Cyprus	corruption	66
Czech Republic	corruption	49
Democratic Republic of the Congo	corruption	21
Denmark	corruption	90
Djibouti	corruption	36
Dominica	corruption	58
Dominican Republic	corruption	32
Ecuador	corruption	32
Egypt	corruption	32
El Salvador	corruption	38
Equatorial Guinea	corruption	20
Eritrea	corruption	25
Estonia	corruption	64
Ethiopia	corruption	33
Finland	corruption	90
France	corruption	71
Gabon	corruption	35
Gambia	corruption	34
Georgia	corruption	52
Germany	corruption	79
Ghana	corruption	45
Greece	corruption	36
Guatemala	corruption	33
Guinea	corruption	24
Guinea-Bissau	corruption	25
Guyana	corruption	28
Haiti	corruption	19
Honduras	corruption	28
Hong Kong	corruption	77
Hungary	corruption	55
Iceland	corruption	82
India	corruption	36
Indonesia	corruption	32
Iran	corruption	28
Iraq	corruption	18
Ireland	corruption	69
Israel	corruption	60
Italy	corruption	42
Jamaica	corruption	38
Japan	corruption	74
Jordan	corruption	48
Kazakhstan	corruption	28
Kenya	corruption	27
Korea (North)	corruption	8
Korea (South)	corruption	56
Kosovo	corruption	34
Kuwait	corruption	44
Kyrgyzstan	corruption	24
Laos	corruption	21
Latvia	corruption	49
Lebanon	corruption	30
Lesotho	corruption	45
Liberia	corruption	41
Libya	corruption	21
Lithuania	corruption	54
Luxembourg	corruption	80
Macedonia	corruption	43
Madagascar	corruption	32
Malawi	corruption	37
Malaysia	corruption	49
Mali	corruption	34
Malta	corruption	57
Mauritania	corruption	31
Mauritius	corruption	57
Mexico	corruption	34
Moldova	corruption	36
Mongolia	corruption	36
Montenegro	corruption	41
Morocco	corruption	37
Mozambique	corruption	31
Myanmar	corruption	15
Namibia	corruption	48
Nepal	corruption	27
Netherlands	corruption	84
New Zealand	corruption	90
Nicaragua	corruption	29
Niger	corruption	33
Nigeria	corruption	27
Norway	corruption	85
Oman	corruption	47
Pakistan	corruption	27
Panama	corruption	38
Papua New Guinea	corruption	25
Paraguay	corruption	25
Peru	corruption	38
Philippines	corruption	34
Poland	corruption	58
Portugal	corruption	63
Puerto Rico	corruption	63
Qatar	corruption	68
Romania	corruption	44
Russia	corruption	28
Rwanda	corruption	53
Saint Lucia	corruption	71
Saint Vincent and the Grenadines	corruption	62
Sao Tome and Principe	corruption	42
Saudi Arabia	corruption	44
Senegal	corruption	36
Serbia	corruption	39
Seychelles	corruption	52
Sierra Leone	corruption	31
Singapore	corruption	87
Slovakia	corruption	46
Slovenia	corruption	61
Somalia	corruption	8
South Africa	corruption	43
Spain	corruption	65
Sri Lanka	corruption	40
Sudan	corruption	13
Suriname	corruption	37
Swaziland	corruption	37
Sweden	corruption	88
Switzerland	corruption	86
Syria	corruption	26
Taiwan	corruption	61
Tajikistan	corruption	22
Tanzania	corruption	35
Thailand	corruption	37
Timor-Leste	corruption	33
Togo	corruption	30
Trinidad and Tobago	corruption	39
Tunisia	corruption	41
Turkey	corruption	49
Turkmenistan	corruption	17
Uganda	corruption	29
Ukraine	corruption	26
United Arab Emirates	corruption	68
United Kingdom	corruption	74
United States	corruption	73
Uruguay	corruption	72
Uzbekistan	corruption	17
Venezuela	corruption	19
Vietnam	corruption	31
Yemen	corruption	23
Zambia	corruption	37
Zimbabwe	corruption	20
Albania	democracy_2008	56.0
Albania	democracy_2011	56.5
Argentina	democracy_2008	63.3
Argentina	democracy_2011	64.0
Armenia	democracy_2008	43.9
Armenia	democracy_2011	44.2
Australia	democracy_2008	78.9
Australia	democracy_2011	79.6
Austria	democracy_2008	79.7
Austria	democracy_2011	80.6
Bahrain	democracy_2008	43.2
Bahrain	democracy_2011	40.6
Bangladesh	democracy_2008	42.6
Bangladesh	democracy_2011	48.8
Belgium	democracy_2008	78.0
Belgium	democracy_2011	80.0
Benin	democracy_2008	45.5
Benin	democracy_2011	47.6
Bolivia	democracy_2008	53.4
Bolivia	democracy_2011	54.5
Bosnia and Herzegovina	democracy_2008	48.3
Bosnia and Herzegovina	democracy_2011	48.5
Botswana	democracy_2008	54.7
Botswana	democracy_2011	54.0
Brazil	democracy_2008	60.4
Brazil	democracy_2011	62.3
Bulgaria	democracy_2008	64.2
Bulgaria	democracy_2011	63.5
Canada	democracy_2008	79.1
Canada	democracy_2011	80.0
Chile	democracy_2008	70.8
Chile	democracy_2011	71.6
China	democracy_2008	36.2
China	democracy_2011	36.9
Colombia	democracy_2008	55.5
Colombia	democracy_2011	56.0
Costa Rica	democracy_2008	69.8
Costa Rica	democracy_2011	71.1
Croatia	democracy_2008	67.0
Croatia	democracy_2011	67.7
Cyprus	democracy_2008	71.4
Cyprus	democracy_2011	71.8
Czech Republic	democracy_2008	71.4
Czech Republic	democracy_2011	71.0
Denmark	democracy_2008	83.8
Denmark	democracy_2011	84.1
Dominican Republic	democracy_2008	58.7
Dominican Republic	democracy_2011	57.6
Ecuador	democracy_2008	57.8
Ecuador	democracy_2011	57.2
Egypt, Arab Rep.	democracy_2008	34.8
Egypt, Arab Rep.	democracy_2011	37.1
El Salvador	democracy_2008	58.4
El Salvador	democracy_2011	59.0
Estonia	democracy_2008	72.5
Estonia	democracy_2011	71.6
Finland	democracy_2008	85.8
Finland	democracy_2011	86.3
France	democracy_2008	77.3
France	democracy_2011	76.3
Georgia	democracy_2008	52.1
Georgia	democracy_2011	54.8
Germany	democracy_2008	80.3
Germany	democracy_2011	81.6
Ghana	democracy_2008	55.9
Ghana	democracy_2011	57.5
Greece	democracy_2008	70.2
Greece	democracy_2011	68.5
Guatemala	democracy_2008	48.8
Guatemala	democracy_2011	49.9
Guinea-Bissau	democracy_2008	36.3
Guinea-Bissau	democracy_2011	35.1
Haiti	democracy_2008	38.1
Haiti	democracy_2011	39.7
Honduras	democracy_2008	52.0
Honduras	democracy_2011	49.8
Hungary	democracy_2008	70.1
Hungary	democracy_2011	67.6
India	democracy_2008	48.7
India	democracy_2011	50.1
Indonesia	democracy_2008	50.8
Indonesia	democracy_2011	52.7
Ireland	democracy_2008	80.8
Ireland	democracy_2011	81.0
Israel	democracy_2008	74.3
Israel	democracy_2011	73.9
Italy	democracy_2008	72.4
Italy	democracy_2011	70.7
Jamaica	democracy_2008	60.2
Jamaica	democracy_2011	59.9
Japan	democracy_2008	73.9
Japan	democracy_2011	74.8
Kenya	democracy_2008	40.0
Kenya	democracy_2011	42.7
Korea, Rep.	democracy_2008	69.5
Korea, Rep.	democracy_2011	70.9
Kuwait	democracy_2008	50.0
Kuwait	democracy_2011	50.2
Kyrgyz Republic	democracy_2008	45.5
Kyrgyz Republic	democracy_2011	45.7
Latvia	democracy_2008	70.6
Latvia	democracy_2011	68.4
Lebanon	democracy_2008	46.8
Lebanon	democracy_2011	48.3
Lesotho	democracy_2008	48.9
Lesotho	democracy_2011	49.4
Libya	democracy_2008	25.5
Libya	democracy_2011	29.6
Lithuania	democracy_2008	71.4
Lithuania	democracy_2011	70.2
Macedonia, FYR	democracy_2008	52.6
Macedonia, FYR	democracy_2011	54.6
Malaysia	democracy_2008	50.6
Malaysia	democracy_2011	51.5
Mauritius	democracy_2008	64.6
Mauritius	democracy_2011	65.7
Mexico	democracy_2008	57.9
Mexico	democracy_2011	56.6
Moldova	democracy_2008	53.4
Moldova	democracy_2011	56.7
Mongolia	democracy_2008	56.5
Mongolia	democracy_2011	58.3
Morocco	democracy_2008	42.9
Morocco	democracy_2011	43.0
Mozambique	democracy_2008	41.4
Mozambique	democracy_2011	41.8
Namibia	democracy_2008	52.5
Namibia	democracy_2011	53.2
Nepal	democracy_2008	44.4
Nepal	democracy_2011	45.0
Netherlands	democracy_2008	82.7
Netherlands	democracy_2011	83.0
New Zealand	democracy_2008	82.6
New Zealand	democracy_2011	82.7
Nicaragua	democracy_2008	53.1
Nicaragua	democracy_2011	53.6
Nigeria	democracy_2008	36.3
Nigeria	democracy_2011	37.4
Norway	democracy_2008	87.3
Norway	democracy_2011	88.5
Pakistan	democracy_2008	33.5
Pakistan	democracy_2011	37.1
Panama	democracy_2008	63.7
Panama	democracy_2011	65.1
Paraguay	democracy_2008	52.4
Paraguay	democracy_2011	53.7
Peru	democracy_2008	61.1
Peru	democracy_2011	61.0
Philippines	democracy_2008	53.9
Philippines	democracy_2011	55.8
Poland	democracy_2008	69.2
Poland	democracy_2011	70.5
Portugal	democracy_2008	75.4
Portugal	democracy_2011	75.6
Romania	democracy_2008	62.4
Romania	democracy_2011	63.4
Russia	democracy_2008	44.5
Russia	democracy_2011	44.5
Senegal	democracy_2008	48.6
Senegal	democracy_2011	49.2
Serbia	democracy_2008	59.6
Serbia	democracy_2011	60.8
Singapore	democracy_2008	62.8
Singapore	democracy_2011	64.9
Slovak Republic	democracy_2008	68.7
Slovak Republic	democracy_2011	68.0
Slovenia	democracy_2008	74.8
Slovenia	democracy_2011	75.0
South Africa	democracy_2008	53.8
South Africa	democracy_2011	53.3
Spain	democracy_2008	77.6
Spain	democracy_2011	77.1
Sri Lanka	democracy_2008	51.5
Sri Lanka	democracy_2011	49.8
Sweden	democracy_2008	87.3
Sweden	democracy_2011	86.9
Switzerland	democracy_2008	84.5
Switzerland	democracy_2011	85.4
Syrian Arab Republic	democracy_2008	30.1
Syrian Arab Republic	democracy_2011	29.5
Tanzania	democracy_2008	45.6
Tanzania	democracy_2011	48.7
Thailand	democracy_2008	49.7
Thailand	democracy_2011	51.6
Timor-Leste	democracy_2008	46.2
Timor-Leste	democracy_2011	47.3
Togo	democracy_2008	31.9
Togo	democracy_2011	34.6
Trinidad and Tobago	democracy_2008	59.6
Trinidad and Tobago	democracy_2011	60.1
Tunisia	democracy_2008	37.8
Tunisia	democracy_2011	45.8
Turkey	democracy_2008	53.4
Turkey	democracy_2011	53.4
Ukraine	democracy_2008	56.0
Ukraine	democracy_2011	54.3
United Kingdom	democracy_2008	80.1
United Kingdom	democracy_2011	79.7
United States	democracy_2008	78.3
United States	democracy_2011	78.5
Uruguay	democracy_2008	71.5
Uruguay	democracy_2011	72.3
Venezuela, RB	democracy_2008	48.9
Venezuela, RB	democracy_2011	48.2
Yemen, Rep.	democracy_2008	25.7
Yemen, Rep.	democracy_2011	25.9
Zambia	democracy_2008	37.4
Zambia	democracy_2011	41.0
Afghanistan	gdp	1000
Albania	gdp	7800
Algeria	gdp	7300
American Samoa	gdp	8000
Andorra	gdp	37200
Angola	gdp	5900
Anguilla	gdp	12200
Antigua and Barbuda	gdp	17100
Argentina	gdp	17700
Armenia	gdp	5400
Aruba	gdp	21800
Australia	gdp	40800
Austria	gdp	41600
Azerbaijan	gdp	10200
Bahamas, The	gdp	30400
Bahrain	gdp	27700
Bangladesh	gdp	1900
Barbados	gdp	25000
Belarus	gdp	15000
Belgium	gdp	37800
Belize	gdp	8200
Benin	gdp	1600
Bermuda	gdp	69900
Bhutan	gdp	5800
Bolivia	gdp	4800
Bosnia and Herzegovina	gdp	8100
Botswana	gdp	16100
Brazil	gdp	11800
British Virgin Islands	gdp	38500
Brunei	gdp	49500
Bulgaria	gdp	13800
Burkina Faso	gdp	1300
Burma	gdp	1300
Burundi	gdp	600
Cambodia	gdp	2200
Cameroon	gdp	2300
Canada	gdp	40500
Cape Verde	gdp	3900
Cayman Islands	gdp	43800
Central African Republic	gdp	800
Chad	gdp	1900
Chile	gdp	17400
China	gdp	8400
Colombia	gdp	10200
Comoros	gdp	1200
Congo, Democratic Republic of the	gdp	300
Congo, Republic of the	gdp	4500
Cook Islands	gdp	9100
Costa Rica	gdp	11900
Cote d'Ivoire	gdp	1600
Croatia	gdp	18000
Cuba	gdp	9900
Curacao	gdp	15000
Cyprus	gdp	27500
Czech Republic	gdp	27100
Denmark	gdp	37000
Djibouti	gdp	2600
Dominica	gdp	14300
Dominican Republic	gdp	9300
Ecuador	gdp	8500
Egypt	gdp	6500
El Salvador	gdp	7500
Equatorial Guinea	gdp	19300
Eritrea	gdp	700
Estonia	gdp	20400
Ethiopia	gdp	1100
European Union	gdp	34100
Falkland Islands (Islas Malvinas)	gdp	55400
Faroe Islands	gdp	30500
Fiji	gdp	4600
Finland	gdp	36000
France	gdp	35100
French Polynesia	gdp	18000
Gabon	gdp	16300
Gambia, The	gdp	1900
Georgia	gdp	5500
Germany	gdp	38100
Ghana	gdp	3100
Gibraltar	gdp	43000
Greece	gdp	26300
Greenland	gdp	37400
Grenada	gdp	13800
Guam	gdp	15000
Guatemala	gdp	5100
Guernsey	gdp	44600
Guinea	gdp	1100
Guinea-Bissau	gdp	1100
Guyana	gdp	7600
Haiti	gdp	1200
Honduras	gdp	4400
Hong Kong	gdp	49400
Hungary	gdp	19600
Iceland	gdp	38100
India	gdp	3700
Indonesia	gdp	4700
Iran	gdp	13200
Iraq	gdp	4200
Ireland	gdp	40800
Isle of Man	gdp	35000
Israel	gdp	31500
Italy	gdp	30500
Jamaica	gdp	8900
Japan	gdp	34700
Jersey	gdp	57000
Jordan	gdp	5900
Kazakhstan	gdp	13000
Kenya	gdp	1700
Kiribati	gdp	5700
Korea, North	gdp	1800
Korea, South	gdp	31200
Kosovo	gdp	6500
Kuwait	gdp	41700
Kyrgyzstan	gdp	2400
Laos	gdp	2800
Latvia	gdp	16800
Lebanon	gdp	15500
Lesotho	gdp	1900
Liberia	gdp	600
Libya	gdp	6000
Liechtenstein	gdp	89400
Lithuania	gdp	19100
Luxembourg	gdp	80600
Macau	gdp	33000
Macedonia	gdp	10500
Madagascar	gdp	900
Malawi	gdp	900
Malaysia	gdp	16200
Maldives	gdp	8600
Mali	gdp	1100
Malta	gdp	25600
Marshall Islands	gdp	2500
Mauritania	gdp	2000
Mauritius	gdp	15000
Mexico	gdp	14700
Micronesia, Federated States of	gdp	2200
Moldova	gdp	3400
Mongolia	gdp	4800
Montenegro	gdp	11500
Montserrat	gdp	8500
Morocco	gdp	5100
Mozambique	gdp	1100
Namibia	gdp	7500
Nauru	gdp	5000
Nepal	gdp	1200
Netherlands	gdp	42000
New Caledonia	gdp	15000
New Zealand	gdp	28000
Nicaragua	gdp	3200
Niger	gdp	800
Nigeria	gdp	2600
Niue	gdp	5800
Northern Mariana Islands	gdp	12500
Norway	gdp	53400
Oman	gdp	27600
Pakistan	gdp	2800
Palau	gdp	8100
Panama	gdp	14100
Papua New Guinea	gdp	2500
Paraguay	gdp	6200
Peru	gdp	10100
Philippines	gdp	4100
Poland	gdp	20200
Portugal	gdp	23400
Puerto Rico	gdp	16300
Qatar	gdp	98900
Romania	gdp	12500
Russia	gdp	16700
Rwanda	gdp	1300
Saint Helena, Ascension, and Tristan da Cunha	gdp	2500
Saint Kitts and Nevis	gdp	15600
Saint Lucia	gdp	13100
Saint Pierre and Miquelon	gdp	7000
Saint Vincent and the Grenadines	gdp	11500
Samoa	gdp	6000
San Marino	gdp	36200
Sao Tome and Principe	gdp	2300
Saudi Arabia	gdp	24400
Senegal	gdp	2000
Serbia	gdp	10400
Seychelles	gdp	25400
Sierra Leone	gdp	1100
Singapore	gdp	59700
Sint Maarten	gdp	15400
Slovakia	gdp	23300
Slovenia	gdp	28800
Solomon Islands	gdp	3200
Somalia	gdp	600
South Africa	gdp	11000
South Sudan	gdp	2100
Spain	gdp	30500
Sri Lanka	gdp	5700
Sudan	gdp	2700
Suriname	gdp	11800
Swaziland	gdp	5300
Sweden	gdp	40700
Switzerland	gdp	44500
Syria	gdp	5100
Taiwan	gdp	37700
Tajikistan	gdp	2100
Tanzania	gdp	1600
Thailand	gdp	9400
Timor-Leste	gdp	8700
Togo	gdp	1000
Tokelau	gdp	1000
Tonga	gdp	7300
Trinidad and Tobago	gdp	20000
Tunisia	gdp	9400
Turkey	gdp	14400
Turkmenistan	gdp	7800
Turks and Caicos Islands	gdp	11500
Tuvalu	gdp	3300
Uganda	gdp	1400
Ukraine	gdp	7200
United Arab Emirates	gdp	47700
United Kingdom	gdp	36500
United States	gdp	48300
Uruguay	gdp	15100
Uzbekistan	gdp	3300
Vanuatu	gdp	4800
Venezuela	gdp	12600
Vietnam	gdp	3400
Virgin Islands	gdp	14500
Wallis and Futuna	gdp	3800
West Bank	gdp	2900
Western Sahara	gdp	2500
Yemen	gdp	2300
Zambia	gdp	1600
Zimbabwe	gdp	500
Albania	gini	34.5
Algeria	gini	35.3
Argentina	gini	45.8
Armenia	gini	30.9
Australia	gini	30.5
Austria	gini	26
Azerbaijan	gini	33.7
Bangladesh	gini	33.2
Belarus	gini	27.2
Belgium	gini	28
Benin	gini	36.5
Bolivia	gini	58.2
Bosnia and Herzegovina	gini	36.2
Botswana	gini	63
Brazil	gini	51.9
Bulgaria	gini	45.3
Burkina Faso	gini	39.5
Burundi	gini	42.4
Cambodia	gini	44.4
Cameroon	gini	44.6
Canada	gini	32.1
Central African Republic	gini	61.3
Chile	gini	52.1
China	gini	48
Colombia	gini	56
Costa Rica	gini	50.3
Cote d'Ivoire	gini	41.5
Croatia	gini	27
Cyprus	gini	29
Czech Republic	gini	31
Denmark	gini	24.8
Dominican Republic	gini	48.4
Ecuador	gini	47.3
Egypt	gini	34.4
El Salvador	gini	46.9
Estonia	gini	31.3
Ethiopia	gini	30
European Union	gini	30.4
Finland	gini	26.8
France	gini	32.7
Gambia, The	gini	50.2
Georgia	gini	40.8
Germany	gini	27
Ghana	gini	39.4
Greece	gini	33
Guatemala	gini	55.1
Guinea	gini	39.4
Guyana	gini	44.6
Haiti	gini	59.2
Honduras	gini	57.7
Hong Kong	gini	53.3
Hungary	gini	24.7
Iceland	gini	28
India	gini	36.8
Indonesia	gini	36.8
Iran	gini	44.5
Ireland	gini	33.9
Israel	gini	39.2
Italy	gini	32
Jamaica	gini	45.5
Japan	gini	37.6
Jordan	gini	39.7
Kazakhstan	gini	26.7
Kenya	gini	42.5
Korea, South	gini	31
Kosovo	gini	30
Kyrgyzstan	gini	33.4
Laos	gini	36.7
Latvia	gini	35.2
Lesotho	gini	63.2
Lithuania	gini	35.5
Luxembourg	gini	26
Macedonia	gini	44.2
Madagascar	gini	47.5
Malawi	gini	39
Malaysia	gini	46.2
Mali	gini	40.1
Malta	gini	26
Mauritania	gini	39
Mauritius	gini	39
Mexico	gini	51.7
Moldova	gini	38
Mongolia	gini	36.5
Montenegro	gini	24.3
Morocco	gini	40.9
Mozambique	gini	45.6
Namibia	gini	70.7
Nepal	gini	47.2
Netherlands	gini	30.9
New Zealand	gini	36.2
Nicaragua	gini	40.5
Niger	gini	34
Nigeria	gini	43.7
Norway	gini	25
Pakistan	gini	30.6
Panama	gini	51.9
Papua New Guinea	gini	50.9
Paraguay	gini	53.2
Peru	gini	46
Philippines	gini	45.8
Poland	gini	34.2
Portugal	gini	38.5
Romania	gini	33.3
Russia	gini	42
Rwanda	gini	46.8
Senegal	gini	41.3
Serbia	gini	28.2
Sierra Leone	gini	62.9
Singapore	gini	47.3
Slovakia	gini	26
Slovenia	gini	28.4
South Africa	gini	65
Spain	gini	32
Sri Lanka	gini	49
Swaziland	gini	50.4
Sweden	gini	23
Switzerland	gini	33.7
Taiwan	gini	32.6
Tajikistan	gini	32.6
Tanzania	gini	37.6
Thailand	gini	53.6
Timor-Leste	gini	31.9
Tunisia	gini	40
Turkey	gini	40.2
Turkmenistan	gini	40.8
Uganda	gini	44.3
Ukraine	gini	27.5
United Kingdom	gini	34
United States	gini	45
Uruguay	gini	45.3
Uzbekistan	gini	36.8
Venezuela	gini	39
Vietnam	gini	37.6
Yemen	gini	37.7
Zambia	gini	50.8
Zimbabwe	gini	50.1
Afghanistan	life_expectancy	49.72
Albania	life_expectancy	77.59
Algeria	life_expectancy	74.73
American Samoa	life_expectancy	74.44
Andorra	life_expectancy	82.5
Angola	life_expectancy	54.59
Anguilla	life_expectancy	80.98
Antigua and Barbuda	life_expectancy	75.69
Argentina	life_expectancy	77.14
Armenia	life_expectancy	73.49
Aruba	life_expectancy	75.93
Australia	life_expectancy	81.9
Austria	life_expectancy	79.91
Azerbaijan	life_expectancy	71.32
Bahamas, The	life_expectancy	71.44
Bahrain	life_expectancy	78.29
Bangladesh	life_expectancy	70.06
Barbados	life_expectancy	74.52
Belarus	life_expectancy	71.48
Belgium	life_expectancy	79.65
Belize	life_expectancy	68.28
Benin	life_expectancy	60.26
Bermuda	life_expectancy	80.82
Bhutan	life_expectancy	67.88
Bolivia	life_expectancy	67.9
Bosnia and Herzegovina	life_expectancy	78.96
Botswana	life_expectancy	55.74
Brazil	life_expectancy	72.79
British Virgin Islands	life_expectancy	77.95
Brunei	life_expectancy	76.37
Bulgaria	life_expectancy	73.84
Burkina Faso	life_expectancy	54.07
Burma	life_expectancy	65.24
Burundi	life_expectancy	59.24
Cambodia	life_expectancy	63.04
Cameroon	life_expectancy	54.71
Canada	life_expectancy	81.48
Cape Verde	life_expectancy	71
Cayman Islands	life_expectancy	80.8
Central African Republic	life_expectancy	50.48
Chad	life_expectancy	48.69
Chile	life_expectancy	78.1
China	life_expectancy	74.84
Colombia	life_expectancy	74.79
Comoros	life_expectancy	62.74
Congo, Democratic Republic of the	life_expectancy	55.74
Congo, Republic of the	life_expectancy	55.27
Cook Islands	life_expectancy	74.92
Costa Rica	life_expectancy	77.89
Cote d'Ivoire	life_expectancy	57.25
Croatia	life_expectancy	75.99
Cuba	life_expectancy	77.87
Cyprus	life_expectancy	78
Czech Republic	life_expectancy	77.38
Denmark	life_expectancy	78.78
Djibouti	life_expectancy	61.57
Dominica	life_expectancy	76.18
Dominican Republic	life_expectancy	77.44
Ecuador	life_expectancy	75.94
Egypt	life_expectancy	72.93
El Salvador	life_expectancy	73.69
Equatorial Guinea	life_expectancy	62.75
Eritrea	life_expectancy	62.86
Estonia	life_expectancy	73.58
Ethiopia	life_expectancy	56.56
European Union	life_expectancy	79.76
Faroe Islands	life_expectancy	79.85
Fiji	life_expectancy	71.59
Finland	life_expectancy	79.41
France	life_expectancy	81.46
French Polynesia	life_expectancy	76.39
Gabon	life_expectancy	52.29
Gambia, The	life_expectancy	63.82
Gaza Strip	life_expectancy	74.16
Georgia	life_expectancy	77.32
Germany	life_expectancy	80.19
Ghana	life_expectancy	61.45
Gibraltar	life_expectancy	78.83
Greece	life_expectancy	80.05
Greenland	life_expectancy	71.25
Grenada	life_expectancy	73.3
Guam	life_expectancy	78.5
Guatemala	life_expectancy	71.17
Guernsey	life_expectancy	82.24
Guinea	life_expectancy	58.61
Guinea-Bissau	life_expectancy	49.11
Guyana	life_expectancy	67.39
Haiti	life_expectancy	62.51
Honduras	life_expectancy	70.71
Hong Kong	life_expectancy	82.12
Hungary	life_expectancy	75.02
Iceland	life_expectancy	81
India	life_expectancy	67.14
Indonesia	life_expectancy	71.62
Iran	life_expectancy	70.35
Iraq	life_expectancy	70.85
Ireland	life_expectancy	80.32
Isle of Man	life_expectancy	80.76
Israel	life_expectancy	81.07
Italy	life_expectancy	81.86
Jamaica	life_expectancy	73.43
Japan	life_expectancy	83.91
Jersey	life_expectancy	81.47
Jordan	life_expectancy	80.18
Kazakhstan	life_expectancy	69.63
Kenya	life_expectancy	63.07
Kiribati	life_expectancy	64.76
Korea, North	life_expectancy	69.2
Korea, South	life_expectancy	79.3
Kuwait	life_expectancy	77.28
Kyrgyzstan	life_expectancy	69.45
Laos	life_expectancy	62.77
Latvia	life_expectancy	72.93
Lebanon	life_expectancy	75.23
Lesotho	life_expectancy	51.86
Liberia	life_expectancy	57.41
Libya	life_expectancy	77.83
Liechtenstein	life_expectancy	81.5
Lithuania	life_expectancy	75.55
Luxembourg	life_expectancy	79.75
Macau	life_expectancy	84.43
Macedonia	life_expectancy	75.36
Madagascar	life_expectancy	64
Malawi	life_expectancy	52.31
Malaysia	life_expectancy	74.04
Maldives	life_expectancy	74.69
Mali	life_expectancy	53.06
Malta	life_expectancy	79.85
Marshall Islands	life_expectancy	72.03
Mauritania	life_expectancy	61.53
Mauritius	life_expectancy	74.71
Mexico	life_expectancy	76.66
Micronesia, Federated States of	life_expectancy	71.8
Moldova	life_expectancy	69.51
Monaco	life_expectancy	89.68
Mongolia	life_expectancy	68.63
Montserrat	life_expectancy	73.41
Morocco	life_expectancy	76.11
Mozambique	life_expectancy	52.02
Namibia	life_expectancy	52.17
Nauru	life_expectancy	65.7
Nepal	life_expectancy	66.51
Netherlands	life_expectancy	80.91
New Caledonia	life_expectancy	76.94
New Zealand	life_expectancy	80.71
Nicaragua	life_expectancy	72.18
Niger	life_expectancy	53.8
Nigeria	life_expectancy	52.05
Northern Mariana Islands	life_expectancy	77.27
Norway	life_expectancy	80.32
Oman	life_expectancy	74.47
Pakistan	life_expectancy	66.35
Palau	life_expectancy	72.06
Panama	life_expectancy	77.96
Papua New Guinea	life_expectancy	66.46
Paraguay	life_expectancy	76.4
Peru	life_expectancy	72.73
Philippines	life_expectancy	71.94
Poland	life_expectancy	76.25
Portugal	life_expectancy	78.7
Puerto Rico	life_expectancy	79.07
Qatar	life_expectancy	78.09
Romania	life_expectancy	74.22
Russia	life_expectancy	66.46
Rwanda	life_expectancy	58.44
Saint Helena, Ascension, and Tristan da Cunha	life_expectancy	78.91
Saint Kitts and Nevis	life_expectancy	74.84
Saint Lucia	life_expectancy	77.04
Saint Pierre and Miquelon	life_expectancy	80
Saint Vincent and the Grenadines	life_expectancy	74.39
Samoa	life_expectancy	72.66
San Marino	life_expectancy	83.07
Sao Tome and Principe	life_expectancy	63.49
Saudi Arabia	life_expectancy	74.35
Senegal	life_expectancy	60.18
Serbia	life_expectancy	74.56
Seychelles	life_expectancy	73.77
Sierra Leone	life_expectancy	56.55
Singapore	life_expectancy	83.75
Slovakia	life_expectancy	76.03
Slovenia	life_expectancy	77.48
Solomon Islands	life_expectancy	74.42
Somalia	life_expectancy	50.8
South Africa	life_expectancy	49.41
Spain	life_expectancy	81.27
Sri Lanka	life_expectancy	75.94
Sudan	life_expectancy	62.57
Suriname	life_expectancy	71.12
Swaziland	life_expectancy	49.42
Sweden	life_expectancy	81.18
Switzerland	life_expectancy	81.17
Syria	life_expectancy	74.92
Taiwan	life_expectancy	78.48
Tajikistan	life_expectancy	66.38
Tanzania	life_expectancy	53.14
Thailand	life_expectancy	73.83
Timor-Leste	life_expectancy	68.27
Togo	life_expectancy	63.17
Tonga	life_expectancy	75.38
Trinidad and Tobago	life_expectancy	71.67
Tunisia	life_expectancy	75.24
Turkey	life_expectancy	72.77
Turkmenistan	life_expectancy	68.84
Turks and Caicos Islands	life_expectancy	79.26
Tuvalu	life_expectancy	65.11
Uganda	life_expectancy	53.45
Ukraine	life_expectancy	68.74
United Arab Emirates	life_expectancy	76.71
United Kingdom	life_expectancy	80.17
United States	life_expectancy	78.49
Uruguay	life_expectancy	76.41
Uzbekistan	life_expectancy	72.77
Vanuatu	life_expectancy	65.06
Venezuela	life_expectancy	74.08
Vietnam	life_expectancy	72.41
Virgin Islands	life_expectancy	79.47
Wallis and Futuna	life_expectancy	79.12
West Bank	life_expectancy	75.24
Western Sahara	life_expectancy	61.52
Yemen	life_expectancy	64.11
Zambia	life_expectancy	52.57
Zimbabwe	life_expectancy	51.82
Afghanistan	0	0
Albania	0	0
Algeria	0	0
Andorra	0	0
Angola	0	0
Antarctica	0	0
Antigua and Barbuda	0	0
Argentina	0	0
Armenia	0	0
Australia	0	0
Austria	0	0
Azerbaijan	0	0
Bahamas	0	0
Bahrain	0	0
Bangladesh	0	0
Barbados	0	0
Belarus	0	0
Belgium	0	0
Belize	0	0
Benin	0	0
Bermuda	0	0
Bhutan	0	0
Bolivia	0	0
Bosnia and Herzegovina	0	0
Botswana	0	0
Brazil	0	0
Brunei Darussalam	0	0
Bulgaria	0	0
Burkina Faso	0	0
Burma	0	0
Burundi	0	0
Cambodia	0	0
Cameroon	0	0
Canada	0	0
Cape Verde	0	0
Central African Republic	0	0
Chad	0	0
Chile	0	0
China	0	0
Colombia	0	0
Comoros	0	0
Congo	0	0
Costa Rica	0	0
Cote d'Ivoire	0	0
Croatia	0	0
Cuba	0	0
Cyprus	0	0
Czech Republic	0	0
Democratic Republic of the Congo	0	0
Denmark	0	0
Djibouti	0	0
Dominica	0	0
Dominican Republic	0	0
Ecuador	0	0
Egypt	0	0
El Salvador	0	0
Equatorial Guinea	0	0
Eritrea	0	0
Estonia	0	0
Ethiopia	0	0
Falkland Islands (Malvinas)	0	0
Faroe Islands	0	0
Fiji	0	0
Finland	0	0
France	0	0
French Guiana	0	0
French Polynesia	0	0
Gabon	0	0
Gambia	0	0
Georgia	0	0
Germany	0	0
Ghana	0	0
Greece	0	0
Greenland	0	0
Grenada	0	0
Guadeloupe	0	0
Guatemala	0	0
Guinea	0	0
Guinea-Bissau	0	0
Guyana	0	0
Haiti	0	0
Honduras	0	0
Hungary	0	0
Iceland	0	0
India	0	0
Indonesia	0	0
Iran (Islamic Republic of)	0	0
Iraq	0	0
Ireland	0	0
Isle of Man	0	0
Israel	0	0
Italy	0	0
Jamaica	0	0
Japan	0	0
Jordan	0	0
Kazakhstan	0	0
Kenya	0	0
Kiribati	0	0
Korea, Democratic People's Republic of	0	0
Korea, Republic of	0	0
Kuwait	0	0
Kyrgyzstan	0	0
Lao People's Democratic Republic	0	0
Latvia	0	0
Lebanon	0	0
Lesotho	0	0
Liberia	0	0
Libyan Arab Jamahiriya	0	0
Liechtenstein	0	0
Lithuania	0	0
Luxembourg	0	0
Macau	0	0
Madagascar	0	0
Malawi	0	0
Malaysia	0	0
Maldives	0	0
Mali	0	0
Malta	0	0
Martinique	0	0
Mauritania	0	0
Mauritius	0	0
Mexico	0	0
Monaco	0	0
Mongolia	0	0
Montenegro	0	0
Morocco	0	0
Mozambique	0	0
Namibia	0	0
Nepal	0	0
Netherlands	0	0
New Caledonia	0	0
New Zealand	0	0
Nicaragua	0	0
Niger	0	0
Nigeria	0	0
Northern Mariana Islands	0	0
Norway	0	0
Oman	0	0
Pakistan	0	0
Palestine	0	0
Panama	0	0
Papua New Guinea	0	0
Paraguay	0	0
Peru	0	0
Philippines	0	0
Poland	0	0
Portugal	0	0
Puerto Rico	0	0
Qatar	0	0
Republic of Moldova	0	0
Reunion	0	0
Romania	0	0
Russia	0	0
Rwanda	0	0
Saint Lucia	0	0
Saint Vincent and the Grenadines	0	0
Samoa	0	0
San Marino	0	0
Sao Tome and Principe	0	0
Saudi Arabia	0	0
Senegal	0	0
Serbia	0	0
Seychelles	0	0
Sierra Leone	0	0
Singapore	0	0
Slovakia	0	0
Slovenia	0	0
Solomon Islands	0	0
Somalia	0	0
South Africa	0	0
Spain	0	0
Sri Lanka	0	0
Sudan	0	0
Suriname	0	0
Svalbard	0	0
Svalbard	0	0
Swaziland	0	0
Sweden	0	0
Switzerland	0	0
Syrian Arab Republic	0	0
Taiwan	0	0
Tajikistan	0	0
Thailand	0	0
The former Yugoslav Republic of Macedonia	0	0
Timor-Leste	0	0
Togo	0	0
Tonga	0	0
Trinidad and Tobago	0	0
Tunisia	0	0
Turkey	0	0
Turkmenistan	0	0
Turks and Caicos Islands	0	0
Uganda	0	0
Ukraine	0	0
United Arab Emirates	0	0
United Kingdom	0	0
United Republic of Tanzania	0	0
United States	0	0
Uruguay	0	0
Uzbekistan	0	0
Vanuatu	0	0
Venezuela	0	0
Viet Nam	0	0
Western Sahara	0	0
Yemen	0	0
Zambia	0	0
Zimbabwe	0	0
